Performing preprocessing operation on: [0.7703773097435691, 0.06979613914365879, 0.2578095558758219, 0.3051918514489671, 0.6343981602967571]
Performing mock I/O-bound operation...
Performing preprocessing operation on: [0.2643875401044379, 0.11534241202797357, 0.709317555373904, 0.5117556358557764, 0.03287045788060239]
Performing mock I/O-bound operation...
Performing preprocessing operation on: [0.1497095343613336, 0.12766379296095398, 0.04945341346853105, 0.41381775585595026, 0.18755219524211642]
Performing mock I/O-bound operation...
Performing preprocessing operation on: [0.8322539832273884, 0.4961657862243073, 0.5746596617368, 0.19880469354789065, 0.9972497667992611]
Performing mock I/O-bound operation...
Performing preprocessing operation on: [0.36866630514017606, 0.9413096570261924, 0.27727923737157667, 0.3292389343779827, 0.31675579889392114]
Performing mock I/O-bound operation...
Performing preprocessing operation on: [0.3164651121690668, 0.7368176687674826, 0.5233760288129492, 0.6360244519557539, 0.8891695754613459]
Performing mock I/O-bound operation...
Performing preprocessing operation on: [0.0522536840043577, 0.08598023406852173, 0.5641041495469767, 0.5852720087599509, 0.7183357134567045]
Performing mock I/O-bound operation...
Performing preprocessing operation on: [0.07587156141352835, 0.06302064650987038, 0.9388899630826134, 0.6186051024683963, 0.05372561108083573]
Performing mock I/O-bound operation...
Mock I/O-bound operation completed.
Preprocessing operation completed with final result: 15844.649240352037
Running ONNX model inference on: 15844.649240352037
ONNX model inference completed with output: [array([[15844.649]], dtype=float32)]
Publishing response to queue 'response_queue': {"message_id": "032e1b1e-faaa-4d2a-868c-499e046aa37d", "original_input": [0.9550120784062754, 0.7608188053911138, 0.06351543646693303, 0.5767110998793117, 0.8264416903586229], "processed_data": "15844.649240352037", "model_output": [[15844.6494140625]], "pick_up_timestamp": 1745054445.4358156, "response_timestamp": 1745054448.7111669}
Mock I/O-bound operation completed.
Preprocessing operation completed with final result: 11371.011681201231
Running ONNX model inference on: 11371.011681201231
ONNX model inference completed with output: [array([[11371.012]], dtype=float32)]
Publishing response to queue 'response_queue': {"message_id": "95b4aba2-40ed-4043-ac9e-9f9402ba7001", "original_input": [0.7628692551039581, 0.16583656944636682, 0.6909932635708393, 0.06645306387877592, 0.44904353730342483], "processed_data": "11371.011681201231", "model_output": [[11371.01171875]], "pick_up_timestamp": 1745054445.5413823, "response_timestamp": 1745054448.920812}
Mock I/O-bound operation completed.
Preprocessing operation completed with final result: 14690.946865305377
Running ONNX model inference on: 14690.946865305377
ONNX model inference completed with output: [array([[14690.947]], dtype=float32)]
Publishing response to queue 'response_queue': {"message_id": "08b336b1-acaf-41d5-937f-725a8a92d963", "original_input": [0.6798568259486634, 0.7176123680423283, 0.843912393899637, 0.5116680215527059, 0.45505394249849984], "processed_data": "14690.946865305377", "model_output": [[14690.947265625]], "pick_up_timestamp": 1745054445.6546474, "response_timestamp": 1745054449.1369464}
Performing preprocessing operation on: [0.6436121689370935, 0.5796391346367469, 0.26417877628059827, 0.7225464396105108, 0.5791162339536667]
Performing mock I/O-bound operation...
Mock I/O-bound operation completed.
Preprocessing operation completed with final result: 15891.659859525784
Running ONNX model inference on: 15891.659859525784
ONNX model inference completed with output: [array([[15891.66]], dtype=float32)]
Publishing response to queue 'response_queue': {"message_id": "909f9036-bb8c-4ff0-9b0c-c08c7191366e", "original_input": [0.3607551110278564, 0.749220486537474, 0.9614092799332925, 0.8693528116117869, 0.3922892156744737], "processed_data": "15891.659859525784", "model_output": [[15891.66015625]], "pick_up_timestamp": 1745054445.7595754, "response_timestamp": 1745054449.3190405}
Mock I/O-bound operation completed.
Preprocessing operation completed with final result: 15324.400358295039
Running ONNX model inference on: 15324.400358295039
ONNX model inference completed with output: [array([[15324.4]], dtype=float32)]
Publishing response to queue 'response_queue': {"message_id": "1625e0df-7ee7-4d13-9f57-ee0ea716b908", "original_input": [0.6120023996725977, 0.11425170657722639, 0.9746014591810404, 0.30204647200527945, 0.9590057342198417], "processed_data": "15324.400358295039", "model_output": [[15324.400390625]], "pick_up_timestamp": 1745054445.8697605, "response_timestamp": 1745054449.5378811}
Mock I/O-bound operation completed.
Preprocessing operation completed with final result: 11105.29921801584
Running ONNX model inference on: 11105.29921801584
ONNX model inference completed with output: [array([[11105.299]], dtype=float32)]
Publishing response to queue 'response_queue': {"message_id": "a3c2460c-6dfe-4372-81a5-bd995cd819e8", "original_input": [0.7249173217664121, 0.2749582980212455, 0.23048849654685832, 0.6073396995365109, 0.45845726135914844], "processed_data": "11105.29921801584", "model_output": [[11105.298828125]], "pick_up_timestamp": 1745054445.979702, "response_timestamp": 1745054449.6953855}
Mock I/O-bound operation completed.
Preprocessing operation completed with final result: 13773.504720440247
Running ONNX model inference on: 13773.504720440247
ONNX model inference completed with output: [array([[13773.505]], dtype=float32)]
Publishing response to queue 'response_queue': {"message_id": "3dba13d8-5ee0-4bad-a8b1-829c312b5c70", "original_input": [0.5042291437664924, 0.9072109069760276, 0.6540463736988039, 0.27305468991559856, 0.5634537612262471], "processed_data": "13773.504720440247", "model_output": [[13773.5048828125]], "pick_up_timestamp": 1745054446.088257, "response_timestamp": 1745054449.8762977}
Performing preprocessing operation on: [0.7165143740586751, 0.0816711340687688, 0.5922291634410867, 0.8336651173301521, 0.03552162151387572]
Performing mock I/O-bound operation...
Mock I/O-bound operation completed.
Preprocessing operation completed with final result: 10353.525653573492
Running ONNX model inference on: 10353.525653573492
ONNX model inference completed with output: [array([[10353.525]], dtype=float32)]
Publishing response to queue 'response_queue': {"message_id": "8d010a53-eebd-4362-bb2d-504d8bac07fd", "original_input": [0.281758322227199, 0.085735840061548, 0.3509359414330606, 0.32481516827688084, 0.8698020577349672], "processed_data": "10353.525653573492", "model_output": [[10353.525390625]], "pick_up_timestamp": 1745054446.1978946, "response_timestamp": 1745054450.1135094}
Mock I/O-bound operation completed.
Preprocessing operation completed with final result: 13089.70803200946
Running ONNX model inference on: 13089.70803200946
ONNX model inference completed with output: [array([[13089.708]], dtype=float32)]
Publishing response to queue 'response_queue': {"message_id": "6a1a14c6-5ba1-45d5-835f-460f0af5f526", "original_input": [0.09781512893260758, 0.957555047288682, 0.4080776852213013, 0.7576688540508867, 0.21525706960857716], "processed_data": "13089.70803200946", "model_output": [[13089.7080078125]], "pick_up_timestamp": 1745054446.30636, "response_timestamp": 1745054450.325517}
Mock I/O-bound operation completed.
Preprocessing operation completed with final result: 9916.31388204011
Running ONNX model inference on: 9916.31388204011
ONNX model inference completed with output: [array([[9916.313]], dtype=float32)]
Publishing response to queue 'response_queue': {"message_id": "606c540f-f6a6-41ae-aeb6-f2c1b783a870", "original_input": [0.424097271055773, 0.15803201485637397, 0.6419942709644689, 0.6052620149011229, 0.0012026625578615002], "processed_data": "9916.31388204011", "model_output": [[9916.3134765625]], "pick_up_timestamp": 1745054446.4132288, "response_timestamp": 1745054450.5778465}
Mock I/O-bound operation completed.
Preprocessing operation completed with final result: 12372.707026588794
Running ONNX model inference on: 12372.707026588794
ONNX model inference completed with output: [array([[12372.707]], dtype=float32)]
Publishing response to queue 'response_queue': {"message_id": "43b068a2-1cfa-48d5-88bb-9f4aa994a719", "original_input": [0.4332024694404667, 0.967212080290011, 0.3163577706405244, 0.3162599575720282, 0.45560136529910156], "processed_data": "12372.707026588794", "model_output": [[12372.70703125]], "pick_up_timestamp": 1745054446.5246823, "response_timestamp": 1745054450.8133986}
Mock I/O-bound operation completed.
Preprocessing operation completed with final result: 9687.53506487406
Running ONNX model inference on: 9687.53506487406
ONNX model inference completed with output: [array([[9687.535]], dtype=float32)]
Publishing response to queue 'response_queue': {"message_id": "3b347935-e72f-4a24-a3ef-833e977eecf0", "original_input": [0.5177648290623567, 0.26331785054130497, 0.42110185384783627, 0.18874901882119677, 0.6229877079711182], "processed_data": "9687.53506487406", "model_output": [[9687.53515625]], "pick_up_timestamp": 1745054446.6385088, "response_timestamp": 1745054451.0542405}
Mock I/O-bound operation completed.
Preprocessing operation completed with final result: 13949.638657855307
Running ONNX model inference on: 13949.638657855307
ONNX model inference completed with output: [array([[13949.639]], dtype=float32)]
Publishing response to queue 'response_queue': {"message_id": "a9e4ccf6-a19c-4dfa-b7af-21c69767eee2", "original_input": [0.672053594960774, 0.7611745906102251, 0.6674762503750913, 0.6456471447691308, 0.22912139704920553], "processed_data": "13949.638657855307", "model_output": [[13949.638671875]], "pick_up_timestamp": 1745054446.7570198, "response_timestamp": 1745054451.2908885}
Mock I/O-bound operation completed.
Preprocessing operation completed with final result: 11582.485558332046
Running ONNX model inference on: 11582.485558332046
ONNX model inference completed with output: [array([[11582.485]], dtype=float32)]
Publishing response to queue 'response_queue': {"message_id": "c8e0c7c1-285d-41db-8387-5a3cc08e8b2a", "original_input": [0.3736664130637941, 0.4710748107426136, 0.7044464370818851, 0.6217984133622254, 0.3116465978353544], "processed_data": "11582.485558332046", "model_output": [[11582.4853515625]], "pick_up_timestamp": 1745054446.8633368, "response_timestamp": 1745054451.4769292}
Performing preprocessing operation on: [0.042227416101576654, 0.5274975680444051, 0.4499122053260487, 0.6336228400523809, 0.7334188468412646]
Performing mock I/O-bound operation...
Mock I/O-bound operation completed.
Preprocessing operation completed with final result: 10926.057154093762
Running ONNX model inference on: 10926.057154093762
ONNX model inference completed with output: [array([[10926.058]], dtype=float32)]
Publishing response to queue 'response_queue': {"message_id": "2f31c7aa-3a9a-4324-b1ea-77cf5d9cf7e7", "original_input": [0.2746718994144228, 0.8530790498423738, 0.2605511874193449, 0.3372745218966422, 0.45711892036284374], "processed_data": "10926.057154093762", "model_output": [[10926.0576171875]], "pick_up_timestamp": 1745054446.9747405, "response_timestamp": 1745054451.6618385}
Mock I/O-bound operation completed.
Preprocessing operation completed with final result: 10502.115110816821
Running ONNX model inference on: 10502.115110816821
ONNX model inference completed with output: [array([[10502.115]], dtype=float32)]
Publishing response to queue 'response_queue': {"message_id": "73936f43-a494-47de-967a-5ef8b53f0447", "original_input": [0.4420210970448286, 0.10569395786064362, 0.4049127889305988, 0.3529700839931337, 0.7796461429463322], "processed_data": "10502.115110816821", "model_output": [[10502.115234375]], "pick_up_timestamp": 1745054447.0803506, "response_timestamp": 1745054451.8771996}
Mock I/O-bound operation completed.
Preprocessing operation completed with final result: 11626.8767706693
Running ONNX model inference on: 11626.8767706693
ONNX model inference completed with output: [array([[11626.877]], dtype=float32)]
Publishing response to queue 'response_queue': {"message_id": "fe81fb8d-69dc-4c8b-80fe-1e0b66819bd5", "original_input": [0.5798009543568489, 0.5520691042181349, 0.19684937580376982, 0.8078681009262831, 0.1396160687525011], "processed_data": "11626.8767706693", "model_output": [[11626.876953125]], "pick_up_timestamp": 1745054447.1902492, "response_timestamp": 1745054452.0777504}
Mock I/O-bound operation completed.
Preprocessing operation completed with final result: 9656.219278196775
Running ONNX model inference on: 9656.219278196775
ONNX model inference completed with output: [array([[9656.22]], dtype=float32)]
Publishing response to queue 'response_queue': {"message_id": "6e790fc2-316e-43bc-a7c2-c289498a5298", "original_input": [0.13901582397868317, 0.22766366954929307, 0.3933062938416586, 0.7127980680509407, 0.4455318564868641], "processed_data": "9656.219278196775", "model_output": [[9656.2197265625]], "pick_up_timestamp": 1745054447.2987056, "response_timestamp": 1745054452.2624424}
Mock I/O-bound operation completed.
Preprocessing operation completed with final result: 12219.022033191848
Running ONNX model inference on: 12219.022033191848
ONNX model inference completed with output: [array([[12219.022]], dtype=float32)]
Publishing response to queue 'response_queue': {"message_id": "ee717a94-14d4-4c45-99da-48050a234d2f", "original_input": [0.4982305010949465, 0.8878972591663098, 0.3965238508266522, 0.5270222010173734, 0.14651366754046724], "processed_data": "12219.022033191848", "model_output": [[12219.0224609375]], "pick_up_timestamp": 1745054447.4178345, "response_timestamp": 1745054452.4383757}
Mock I/O-bound operation completed.
Preprocessing operation completed with final result: 15031.034153022292
Running ONNX model inference on: 15031.034153022292
ONNX model inference completed with output: [array([[15031.034]], dtype=float32)]
Publishing response to queue 'response_queue': {"message_id": "bfe168ca-f164-441c-af7e-e7f92dccbdb2", "original_input": [0.6565998183753974, 0.6258951789133138, 0.0036936160778577865, 0.975643078274102, 0.6961025223496973], "processed_data": "15031.034153022292", "model_output": [[15031.0341796875]], "pick_up_timestamp": 1745054447.5236871, "response_timestamp": 1745054452.633175}
Mock I/O-bound operation completed.
Preprocessing operation completed with final result: 10772.28647729944
Running ONNX model inference on: 10772.28647729944
ONNX model inference completed with output: [array([[10772.286]], dtype=float32)]
Publishing response to queue 'response_queue': {"message_id": "772cd32b-6215-4924-977a-3cc3921c9d47", "original_input": [0.7703773097435691, 0.06979613914365879, 0.2578095558758219, 0.3051918514489671, 0.6343981602967571], "processed_data": "10772.28647729944", "model_output": [[10772.2861328125]], "pick_up_timestamp": 1745054447.6311526, "response_timestamp": 1745054452.78232}
Mock I/O-bound operation completed.
Preprocessing operation completed with final result: 9215.803467784808
Running ONNX model inference on: 9215.803467784808
ONNX model inference completed with output: [array([[9215.804]], dtype=float32)]
Publishing response to queue 'response_queue': {"message_id": "d48a27e9-0564-43d7-9bd3-0ce2c7c762f7", "original_input": [0.2643875401044379, 0.11534241202797357, 0.709317555373904, 0.5117556358557764, 0.03287045788060239], "processed_data": "9215.803467784808", "model_output": [[9215.8037109375]], "pick_up_timestamp": 1745054447.7433088, "response_timestamp": 1745054453.0772212}
Mock I/O-bound operation completed.
Preprocessing operation completed with final result: 4975.716931432099
Running ONNX model inference on: 4975.716931432099
ONNX model inference completed with output: [array([[4975.717]], dtype=float32)]
Publishing response to queue 'response_queue': {"message_id": "0b6074e8-7daa-443a-9867-63e2ac956afb", "original_input": [0.1497095343613336, 0.12766379296095398, 0.04945341346853105, 0.41381775585595026, 0.18755219524211642], "processed_data": "4975.716931432099", "model_output": [[4975.716796875]], "pick_up_timestamp": 1745054447.8564656, "response_timestamp": 1745054453.3545275}
Mock I/O-bound operation completed.
Preprocessing operation completed with final result: 15175.939214399277
Running ONNX model inference on: 15175.939214399277
ONNX model inference completed with output: [array([[15175.939]], dtype=float32)]
Publishing response to queue 'response_queue': {"message_id": "bed3a4b4-3e48-482e-b062-b395291cf943", "original_input": [0.8322539832273884, 0.4961657862243073, 0.5746596617368, 0.19880469354789065, 0.9972497667992611], "processed_data": "15175.939214399277", "model_output": [[15175.939453125]], "pick_up_timestamp": 1745054447.9761639, "response_timestamp": 1745054453.5862813}
Mock I/O-bound operation completed.
Preprocessing operation completed with final result: 11435.012035323247
Running ONNX model inference on: 11435.012035323247
ONNX model inference completed with output: [array([[11435.012]], dtype=float32)]
Publishing response to queue 'response_queue': {"message_id": "3e318b0a-7ce4-4bdc-ac72-9562a3576c34", "original_input": [0.36866630514017606, 0.9413096570261924, 0.27727923737157667, 0.3292389343779827, 0.31675579889392114], "processed_data": "11435.012035323247", "model_output": [[11435.01171875]], "pick_up_timestamp": 1745054448.0943813, "response_timestamp": 1745054453.9690008}
Mock I/O-bound operation completed.
Preprocessing operation completed with final result: 14533.143325401472
Running ONNX model inference on: 14533.143325401472
ONNX model inference completed with output: [array([[14533.144]], dtype=float32)]
Publishing response to queue 'response_queue': {"message_id": "aba38caf-38ce-4982-a6b3-da3957a7bb02", "original_input": [0.3164651121690668, 0.7368176687674826, 0.5233760288129492, 0.6360244519557539, 0.8891695754613459], "processed_data": "14533.143325401472", "model_output": [[14533.1435546875]], "pick_up_timestamp": 1745054448.202866, "response_timestamp": 1745054454.3520255}
Mock I/O-bound operation completed.
Preprocessing operation completed with final result: 10894.43005001669
Running ONNX model inference on: 10894.43005001669
ONNX model inference completed with output: [array([[10894.43]], dtype=float32)]
Publishing response to queue 'response_queue': {"message_id": "1c580f1a-457f-47b0-8638-ffe4e7476784", "original_input": [0.0522536840043577, 0.08598023406852173, 0.5641041495469767, 0.5852720087599509, 0.7183357134567045], "processed_data": "10894.43005001669", "model_output": [[10894.4296875]], "pick_up_timestamp": 1745054448.310428, "response_timestamp": 1745054454.5977244}
Mock I/O-bound operation completed.
Preprocessing operation completed with final result: 11299.562702089093
Running ONNX model inference on: 11299.562702089093
ONNX model inference completed with output: [array([[11299.5625]], dtype=float32)]
Publishing response to queue 'response_queue': {"message_id": "9639407d-3825-4b7b-a884-6f5afddab62e", "original_input": [0.07587156141352835, 0.06302064650987038, 0.9388899630826134, 0.6186051024683963, 0.05372561108083573], "processed_data": "11299.562702089093", "model_output": [[11299.5625]], "pick_up_timestamp": 1745054448.4187338, "response_timestamp": 1745054454.8492725}
Performing preprocessing operation on: [0.1641793847085108, 0.32851586866111193, 0.7670512545825187, 0.08030907545731458, 0.07387636833194278]
Performing mock I/O-bound operation...
Mock I/O-bound operation completed.
Preprocessing operation completed with final result: 12951.66995437227
Running ONNX model inference on: 12951.66995437227
ONNX model inference completed with output: [array([[12951.67]], dtype=float32)]
Publishing response to queue 'response_queue': {"message_id": "f0c35217-9c2a-4b78-9b8a-05aa041806cf", "original_input": [0.6436121689370935, 0.5796391346367469, 0.26417877628059827, 0.7225464396105108, 0.5791162339536667], "processed_data": "12951.66995437227", "model_output": [[12951.669921875]], "pick_up_timestamp": 1745054449.1376443, "response_timestamp": 1745054455.0592713}
Mock I/O-bound operation completed.
Preprocessing operation completed with final result: 12518.217596156213
Running ONNX model inference on: 12518.217596156213
ONNX model inference completed with output: [array([[12518.218]], dtype=float32)]
Publishing response to queue 'response_queue': {"message_id": "eb11468e-f0a3-4f91-96d9-a3e8339651a7", "original_input": [0.7165143740586751, 0.0816711340687688, 0.5922291634410867, 0.8336651173301521, 0.03552162151387572], "processed_data": "12518.217596156213", "model_output": [[12518.2177734375]], "pick_up_timestamp": 1745054449.8779814, "response_timestamp": 1745054455.3239129}
Mock I/O-bound operation completed.
Preprocessing operation completed with final result: 11924.088811306512
Running ONNX model inference on: 11924.088811306512
ONNX model inference completed with output: [array([[11924.089]], dtype=float32)]
Publishing response to queue 'response_queue': {"message_id": "e1154ff6-42e7-45fe-b095-0a97207c7d8e", "original_input": [0.042227416101576654, 0.5274975680444051, 0.4499122053260487, 0.6336228400523809, 0.7334188468412646], "processed_data": "11924.088811306512", "model_output": [[11924.0888671875]], "pick_up_timestamp": 1745054451.4778426, "response_timestamp": 1745054455.5733037}
Performing preprocessing operation on: [0.8245538813983597, 0.1981071740375926, 0.9736333012948041, 0.2672654350955639, 0.2824820260877706]
Performing mock I/O-bound operation...
Performing preprocessing operation on: [0.04021865281608117, 0.20495244774320864, 0.9424488996192231, 0.039068917417044546, 0.2930800297548408]
Performing mock I/O-bound operation...
Performing preprocessing operation on: [0.6835702523640738, 0.8071142412138966, 0.8395459191183883, 0.8399436147423501, 0.7740859541113528]
Performing mock I/O-bound operation...
Performing preprocessing operation on: [0.21457246571170596, 0.7299973884740333, 0.7218738469615373, 0.7750671570084682, 0.9268502336067553]
Performing mock I/O-bound operation...
Performing preprocessing operation on: [0.9012983306392913, 0.6615688149480489, 0.4550591462461411, 0.6285459763978621, 0.3642533039062307]
Performing mock I/O-bound operation...
Performing preprocessing operation on: [0.03860599679410048, 0.7229455718883677, 0.02881729027148161, 0.12292878680144148, 0.8853271141679346]
Performing mock I/O-bound operation...
Performing preprocessing operation on: [0.6435446068636038, 0.4551810905808944, 0.32712277667387835, 0.5692121542547863, 0.3172219277388745]
Performing mock I/O-bound operation...
Performing preprocessing operation on: [0.8572280499191476, 0.9980124660739768, 0.42286941946565604, 0.7272854108110772, 0.027483049246966207]
Performing mock I/O-bound operation...
Performing preprocessing operation on: [0.9783966724534318, 0.08158459347741209, 0.22133478900595815, 0.5696992991054762, 0.9134924189573622]
Performing mock I/O-bound operation...
Performing preprocessing operation on: [0.5268833506136401, 0.7742029830422698, 0.710755659097937, 0.2439330452744588, 0.7537173467102332]
Performing mock I/O-bound operation...
Performing preprocessing operation on: [0.9361275964504725, 0.7720664793545668, 0.10842718303860399, 0.26589670625822637, 0.5406737276737442]
Performing mock I/O-bound operation...
Performing preprocessing operation on: [0.17877240056668864, 0.5674374042625693, 0.9209160905874522, 0.22594862558880635, 0.9840797098015309]
Performing mock I/O-bound operation...
Performing preprocessing operation on: [0.8698866778069589, 0.2980162443841491, 0.8298963518525213, 0.49720401801541625, 0.2919904705627432]
Performing mock I/O-bound operation...
Performing preprocessing operation on: [0.015369733586029444, 0.5399750883100103, 0.3460616234616871, 0.6335102848415494, 0.19397941822784326]
Performing mock I/O-bound operation...
Performing preprocessing operation on: [0.8671377423652514, 0.8936092435411346, 0.09504364794264952, 0.5551166997803906, 0.02594171779990062]
Performing mock I/O-bound operation...
Performing preprocessing operation on: [0.9243716940814101, 0.08973309524623074, 0.6211099422475422, 0.44772524055888296, 0.5267970129117098]
Performing mock I/O-bound operation...
Performing preprocessing operation on: [0.1897680444475356, 0.7190028945964282, 0.7690994097141195, 0.016861761158470268, 0.6676881412459373]
Performing mock I/O-bound operation...
Performing preprocessing operation on: [0.5849649309480552, 0.0059070830938848795, 0.682459027877413, 0.8298802613553915, 0.16702112625822463]
Performing mock I/O-bound operation...
Performing preprocessing operation on: [0.641563943275277, 0.7348071778945866, 0.17302001135024603, 0.4145769595100509, 0.837625005810507]
Performing mock I/O-bound operation...
Performing preprocessing operation on: [0.27262049747212935, 0.739547452028847, 0.8074143412086578, 0.30937685366558676, 0.16508665196438221]
Performing mock I/O-bound operation...
Performing preprocessing operation on: [0.35326918702707355, 0.7770653279002142, 0.6389951726249214, 0.39099554377464396, 0.6332232525646843]
Performing mock I/O-bound operation...
Performing preprocessing operation on: [0.6682939096191124, 0.946035028964953, 0.022819377237066396, 0.05106144806191926, 0.13349530488039607]
Performing mock I/O-bound operation...
Mock I/O-bound operation completed.
Preprocessing operation completed with final result: 8574.103095266073
Running ONNX model inference on: 8574.103095266073
ONNX model inference completed with output: [array([[8574.104]], dtype=float32)]
Publishing response to queue 'response_queue': {"message_id": "94c927d5-6b86-4f92-b3c8-83e8fc078bf8", "original_input": [0.1641793847085108, 0.32851586866111193, 0.7670512545825187, 0.08030907545731458, 0.07387636833194278], "processed_data": "8574.103095266073", "model_output": [[8574.103515625]], "pick_up_timestamp": 1745054454.849954, "response_timestamp": 1745054458.1713457}
Performing preprocessing operation on: [0.8477614634296674, 0.33568600724560294, 0.646875230232849, 0.10960185769489139, 0.7773391299051529]
Performing mock I/O-bound operation...
Performing preprocessing operation on: [0.31909550628289574, 0.3221728401988303, 0.5819152662283156, 0.22594977067831623, 0.7924686423382987]
Performing mock I/O-bound operation...
Performing preprocessing operation on: [0.2642633733033981, 0.6225034110901295, 0.8287925028074173, 0.7385078629222137, 0.1437549914185644]
Performing mock I/O-bound operation...
Performing preprocessing operation on: [0.3176069574696727, 0.4911911633476198, 0.30983007507114835, 0.01892756516168792, 0.35019624516073733]
Performing mock I/O-bound operation...
Mock I/O-bound operation completed.
Preprocessing operation completed with final result: 13484.525460626377
Running ONNX model inference on: 13484.525460626377
ONNX model inference completed with output: [array([[13484.525]], dtype=float32)]
Publishing response to queue 'response_queue': {"message_id": "9ef2d1c3-456b-46ed-b9a0-c88c225f36fb", "original_input": [0.8245538813983597, 0.1981071740375926, 0.9736333012948041, 0.2672654350955639, 0.2824820260877706], "processed_data": "13484.525460626377", "model_output": [[13484.525390625]], "pick_up_timestamp": 1745054455.5744503, "response_timestamp": 1745054458.8692095}
Mock I/O-bound operation completed.
Preprocessing operation completed with final result: 10095.817244838156
Running ONNX model inference on: 10095.817244838156
ONNX model inference completed with output: [array([[10095.817]], dtype=float32)]
Publishing response to queue 'response_queue': {"message_id": "c18dd051-ac8c-4c35-8d07-2a0498c94243", "original_input": [0.04021865281608117, 0.20495244774320864, 0.9424488996192231, 0.039068917417044546, 0.2930800297548408], "processed_data": "10095.817244838156", "model_output": [[10095.8173828125]], "pick_up_timestamp": 1745054455.5768707, "response_timestamp": 1745054459.1091344}
Mock I/O-bound operation completed.
Preprocessing operation completed with final result: 17686.869081048568
Running ONNX model inference on: 17686.869081048568
ONNX model inference completed with output: [array([[17686.87]], dtype=float32)]
Publishing response to queue 'response_queue': {"message_id": "ad5a8a3f-649f-4360-815e-39d4e748bc1b", "original_input": [0.6835702523640738, 0.8071142412138966, 0.8395459191183883, 0.8399436147423501, 0.7740859541113528], "processed_data": "17686.869081048568", "model_output": [[17686.869140625]], "pick_up_timestamp": 1745054455.6882253, "response_timestamp": 1745054459.31339}
Mock I/O-bound operation completed.
Preprocessing operation completed with final result: 15999.436973103773
Running ONNX model inference on: 15999.436973103773
ONNX model inference completed with output: [array([[15999.437]], dtype=float32)]
Publishing response to queue 'response_queue': {"message_id": "9d7aa410-4dcf-415c-915b-fe793682e56e", "original_input": [0.21457246571170596, 0.7299973884740333, 0.7218738469615373, 0.7750671570084682, 0.9268502336067553], "processed_data": "15999.436973103773", "model_output": [[15999.4365234375]], "pick_up_timestamp": 1745054455.800681, "response_timestamp": 1745054459.6130433}
Mock I/O-bound operation completed.
Preprocessing operation completed with final result: 14088.439651591647
Running ONNX model inference on: 14088.439651591647
ONNX model inference completed with output: [array([[14088.439]], dtype=float32)]
Publishing response to queue 'response_queue': {"message_id": "2f53656d-496f-47ba-a1ce-d225a81e1598", "original_input": [0.9012983306392913, 0.6615688149480489, 0.4550591462461411, 0.6285459763978621, 0.3642533039062307], "processed_data": "14088.439651591647", "model_output": [[14088.439453125]], "pick_up_timestamp": 1745054455.9137874, "response_timestamp": 1745054459.9274192}
Mock I/O-bound operation completed.
Preprocessing operation completed with final result: 11506.027745599617
Running ONNX model inference on: 11506.027745599617
ONNX model inference completed with output: [array([[11506.027]], dtype=float32)]
Publishing response to queue 'response_queue': {"message_id": "57c13d1e-dc32-4826-9124-3e003219058f", "original_input": [0.03860599679410048, 0.7229455718883677, 0.02881729027148161, 0.12292878680144148, 0.8853271141679346], "processed_data": "11506.027745599617", "model_output": [[11506.02734375]], "pick_up_timestamp": 1745054456.0198302, "response_timestamp": 1745054460.2011487}
Performing preprocessing operation on: [0.41778023407162046, 0.5087406154235458, 0.122072906906744, 0.09856387228136287, 0.645884614417696]
Performing mock I/O-bound operation...
Mock I/O-bound operation completed.
Preprocessing operation completed with final result: 10737.695401058972
Running ONNX model inference on: 10737.695401058972
ONNX model inference completed with output: [array([[10737.695]], dtype=float32)]
Publishing response to queue 'response_queue': {"message_id": "35228333-1ecb-4b9a-81cb-e24df2bbc7dd", "original_input": [0.6435446068636038, 0.4551810905808944, 0.32712277667387835, 0.5692121542547863, 0.3172219277388745], "processed_data": "10737.695401058972", "model_output": [[10737.6953125]], "pick_up_timestamp": 1745054456.135918, "response_timestamp": 1745054460.4515057}
Mock I/O-bound operation completed.
Preprocessing operation completed with final result: 15618.536246074833
Running ONNX model inference on: 15618.536246074833
ONNX model inference completed with output: [array([[15618.536]], dtype=float32)]
Publishing response to queue 'response_queue': {"message_id": "e741ffe2-7402-4ca0-b2ca-5f171a545092", "original_input": [0.8572280499191476, 0.9980124660739768, 0.42286941946565604, 0.7272854108110772, 0.027483049246966207], "processed_data": "15618.536246074833", "model_output": [[15618.5361328125]], "pick_up_timestamp": 1745054456.2467682, "response_timestamp": 1745054460.7121}
Mock I/O-bound operation completed.
Preprocessing operation completed with final result: 14737.472219724797
Running ONNX model inference on: 14737.472219724797
ONNX model inference completed with output: [array([[14737.473]], dtype=float32)]
Publishing response to queue 'response_queue': {"message_id": "bf3fe425-bd62-4cc8-afd1-9dc19495e60f", "original_input": [0.9783966724534318, 0.08158459347741209, 0.22133478900595815, 0.5696992991054762, 0.9134924189573622], "processed_data": "14737.472219724797", "model_output": [[14737.47265625]], "pick_up_timestamp": 1745054456.363177, "response_timestamp": 1745054460.9589128}
Mock I/O-bound operation completed.
Preprocessing operation completed with final result: 14176.611373487549
Running ONNX model inference on: 14176.611373487549
ONNX model inference completed with output: [array([[14176.611]], dtype=float32)]
Publishing response to queue 'response_queue': {"message_id": "68f645e0-11b9-44f4-8abf-cae59990afdc", "original_input": [0.5268833506136401, 0.7742029830422698, 0.710755659097937, 0.2439330452744588, 0.7537173467102332], "processed_data": "14176.611373487549", "model_output": [[14176.611328125]], "pick_up_timestamp": 1745054456.471847, "response_timestamp": 1745054461.20337}
Mock I/O-bound operation completed.
Preprocessing operation completed with final result: 13591.199791013554
Running ONNX model inference on: 13591.199791013554
ONNX model inference completed with output: [array([[13591.2]], dtype=float32)]
Publishing response to queue 'response_queue': {"message_id": "69fef029-ba9a-469c-b69c-82733ef7c6a1", "original_input": [0.9361275964504725, 0.7720664793545668, 0.10842718303860399, 0.26589670625822637, 0.5406737276737442], "processed_data": "13591.199791013554", "model_output": [[13591.2001953125]], "pick_up_timestamp": 1745054456.582908, "response_timestamp": 1745054461.4531636}
Mock I/O-bound operation completed.
Preprocessing operation completed with final result: 14904.686784754429
Running ONNX model inference on: 14904.686784754429
ONNX model inference completed with output: [array([[14904.687]], dtype=float32)]
Publishing response to queue 'response_queue': {"message_id": "b5c0acd2-83da-461c-a06a-33a1bdfc24fa", "original_input": [0.17877240056668864, 0.5674374042625693, 0.9209160905874522, 0.22594862558880635, 0.9840797098015309], "processed_data": "14904.686784754429", "model_output": [[14904.6865234375]], "pick_up_timestamp": 1745054456.6935015, "response_timestamp": 1745054461.812439}
Mock I/O-bound operation completed.
Preprocessing operation completed with final result: 13662.776948320732
Running ONNX model inference on: 13662.776948320732
ONNX model inference completed with output: [array([[13662.777]], dtype=float32)]
Publishing response to queue 'response_queue': {"message_id": "4245f10d-889b-460c-943c-483b4cade664", "original_input": [0.8698866778069589, 0.2980162443841491, 0.8298963518525213, 0.49720401801541625, 0.2919904705627432], "processed_data": "13662.776948320732", "model_output": [[13662.77734375]], "pick_up_timestamp": 1745054456.8016562, "response_timestamp": 1745054462.0937753}
Mock I/O-bound operation completed.
Preprocessing operation completed with final result: 9222.425210524945
Running ONNX model inference on: 9222.425210524945
ONNX model inference completed with output: [array([[9222.425]], dtype=float32)]
Publishing response to queue 'response_queue': {"message_id": "4c644b34-dca7-46f2-aae7-ddafa87ddd54", "original_input": [0.015369733586029444, 0.5399750883100103, 0.3460616234616871, 0.6335102848415494, 0.19397941822784326], "processed_data": "9222.425210524945", "model_output": [[9222.4248046875]], "pick_up_timestamp": 1745054456.9111614, "response_timestamp": 1745054462.3722277}
Mock I/O-bound operation completed.
Preprocessing operation completed with final result: 13668.672804979857
Running ONNX model inference on: 13668.672804979857
ONNX model inference completed with output: [array([[13668.673]], dtype=float32)]
Publishing response to queue 'response_queue': {"message_id": "34f68042-39fd-41c0-9062-a96b93018da7", "original_input": [0.8671377423652514, 0.8936092435411346, 0.09504364794264952, 0.5551166997803906, 0.02594171779990062], "processed_data": "13668.672804979857", "model_output": [[13668.6728515625]], "pick_up_timestamp": 1745054457.020526, "response_timestamp": 1745054462.6219208}
Mock I/O-bound operation completed.
Preprocessing operation completed with final result: 13138.742715398483
Running ONNX model inference on: 13138.742715398483
ONNX model inference completed with output: [array([[13138.743]], dtype=float32)]
Publishing response to queue 'response_queue': {"message_id": "c69df99b-8b3d-4658-928d-e120ae495676", "original_input": [0.9243716940814101, 0.08973309524623074, 0.6211099422475422, 0.44772524055888296, 0.5267970129117098], "processed_data": "13138.742715398483", "model_output": [[13138.7431640625]], "pick_up_timestamp": 1745054457.135944, "response_timestamp": 1745054462.882697}
Performing preprocessing operation on: [0.17310588808862992, 0.1789310054701968, 0.07922850080717514, 0.5116293395718925, 0.3128416254326759]
Performing mock I/O-bound operation...
Mock I/O-bound operation completed.
Preprocessing operation completed with final result: 12611.830747790264
Running ONNX model inference on: 12611.830747790264
ONNX model inference completed with output: [array([[12611.831]], dtype=float32)]
Publishing response to queue 'response_queue': {"message_id": "2c2dfbff-b56a-486c-95d9-39221bafef16", "original_input": [0.1897680444475356, 0.7190028945964282, 0.7690994097141195, 0.016861761158470268, 0.6676881412459373], "processed_data": "12611.830747790264", "model_output": [[12611.8310546875]], "pick_up_timestamp": 1745054457.2461886, "response_timestamp": 1745054463.1383622}
Mock I/O-bound operation completed.
Preprocessing operation completed with final result: 12347.333694379615
Running ONNX model inference on: 12347.333694379615
ONNX model inference completed with output: [array([[12347.334]], dtype=float32)]
Publishing response to queue 'response_queue': {"message_id": "f8abcd40-ac36-4e6f-a490-b6b211a226e9", "original_input": [0.5849649309480552, 0.0059070830938848795, 0.682459027877413, 0.8298802613553915, 0.16702112625822463], "processed_data": "12347.333694379615", "model_output": [[12347.333984375]], "pick_up_timestamp": 1745054457.3576705, "response_timestamp": 1745054463.3843296}
Mock I/O-bound operation completed.
Preprocessing operation completed with final result: 13619.733888858058
Running ONNX model inference on: 13619.733888858058
ONNX model inference completed with output: [array([[13619.734]], dtype=float32)]
Publishing response to queue 'response_queue': {"message_id": "2ca27840-cae1-442d-92e1-cef7c2e9c412", "original_input": [0.641563943275277, 0.7348071778945866, 0.17302001135024603, 0.4145769595100509, 0.837625005810507], "processed_data": "13619.733888858058", "model_output": [[13619.734375]], "pick_up_timestamp": 1745054457.466832, "response_timestamp": 1745054463.64}
Mock I/O-bound operation completed.
Preprocessing operation completed with final result: 11815.82806270667
Running ONNX model inference on: 11815.82806270667
ONNX model inference completed with output: [array([[11815.828]], dtype=float32)]
Publishing response to queue 'response_queue': {"message_id": "acc2849c-d639-43ab-8ce2-3d7e95c44b27", "original_input": [0.27262049747212935, 0.739547452028847, 0.8074143412086578, 0.30937685366558676, 0.16508665196438221], "processed_data": "11815.82806270667", "model_output": [[11815.828125]], "pick_up_timestamp": 1745054457.584508, "response_timestamp": 1745054463.8901272}
Mock I/O-bound operation completed.
Preprocessing operation completed with final result: 13003.052240912506
Running ONNX model inference on: 13003.052240912506
ONNX model inference completed with output: [array([[13003.052]], dtype=float32)]
Publishing response to queue 'response_queue': {"message_id": "84b4aed7-f9cb-49d2-9043-b94f58a1689e", "original_input": [0.35326918702707355, 0.7770653279002142, 0.6389951726249214, 0.39099554377464396, 0.6332232525646843], "processed_data": "13003.052240912506", "model_output": [[13003.0517578125]], "pick_up_timestamp": 1745054457.687312, "response_timestamp": 1745054464.136493}
Mock I/O-bound operation completed.
Preprocessing operation completed with final result: 11672.823212694047
Running ONNX model inference on: 11672.823212694047
ONNX model inference completed with output: [array([[11672.823]], dtype=float32)]
Publishing response to queue 'response_queue': {"message_id": "1bb2fe4a-eb55-473e-aa75-f706793063ba", "original_input": [0.6682939096191124, 0.946035028964953, 0.022819377237066396, 0.05106144806191926, 0.13349530488039607], "processed_data": "11672.823212694047", "model_output": [[11672.8232421875]], "pick_up_timestamp": 1745054457.794371, "response_timestamp": 1745054464.3757224}
Mock I/O-bound operation completed.
Preprocessing operation completed with final result: 13660.53017973444
Running ONNX model inference on: 13660.53017973444
ONNX model inference completed with output: [array([[13660.53]], dtype=float32)]
Publishing response to queue 'response_queue': {"message_id": "c72ec0f4-0468-4c10-b59c-792d7d788058", "original_input": [0.8477614634296674, 0.33568600724560294, 0.646875230232849, 0.10960185769489139, 0.7773391299051529], "processed_data": "13660.53017973444", "model_output": [[13660.5302734375]], "pick_up_timestamp": 1745054458.174336, "response_timestamp": 1745054464.6052706}
Mock I/O-bound operation completed.
Preprocessing operation completed with final result: 11060.300656508316
Running ONNX model inference on: 11060.300656508316
ONNX model inference completed with output: [array([[11060.301]], dtype=float32)]
Publishing response to queue 'response_queue': {"message_id": "5e76703f-0a03-419e-8a3c-97d405f6e360", "original_input": [0.31909550628289574, 0.3221728401988303, 0.5819152662283156, 0.22594977067831623, 0.7924686423382987], "processed_data": "11060.300656508316", "model_output": [[11060.30078125]], "pick_up_timestamp": 1745054458.2867868, "response_timestamp": 1745054464.8352728}
Mock I/O-bound operation completed.
Preprocessing operation completed with final result: 13077.851509896353
Running ONNX model inference on: 13077.851509896353
ONNX model inference completed with output: [array([[13077.852]], dtype=float32)]
Publishing response to queue 'response_queue': {"message_id": "3edb02ba-dcb3-41ce-a8a9-438c9f91cc87", "original_input": [0.2642633733033981, 0.6225034110901295, 0.8287925028074173, 0.7385078629222137, 0.1437549914185644], "processed_data": "13077.851509896353", "model_output": [[13077.8515625]], "pick_up_timestamp": 1745054458.3931081, "response_timestamp": 1745054465.1116114}
Mock I/O-bound operation completed.
Preprocessing operation completed with final result: 7490.882969637783
Running ONNX model inference on: 7490.882969637783
ONNX model inference completed with output: [array([[7490.883]], dtype=float32)]
Publishing response to queue 'response_queue': {"message_id": "89c1c3e5-53e0-44f3-9605-bf6e30bcea92", "original_input": [0.3176069574696727, 0.4911911633476198, 0.30983007507114835, 0.01892756516168792, 0.35019624516073733], "processed_data": "7490.882969637783", "model_output": [[7490.8828125]], "pick_up_timestamp": 1745054458.5079565, "response_timestamp": 1745054465.487977}
Performing preprocessing operation on: [0.1393289701359266, 0.7318094983079504, 0.5419697651338913, 0.5867665061871967, 0.9011550962620404]
Performing mock I/O-bound operation...
Mock I/O-bound operation completed.
Preprocessing operation completed with final result: 9354.896602432276
Running ONNX model inference on: 9354.896602432276
ONNX model inference completed with output: [array([[9354.896]], dtype=float32)]
Publishing response to queue 'response_queue': {"message_id": "8a99fa1c-ae97-4508-b95f-5ac6d982026b", "original_input": [0.41778023407162046, 0.5087406154235458, 0.122072906906744, 0.09856387228136287, 0.645884614417696], "processed_data": "9354.896602432276", "model_output": [[9354.896484375]], "pick_up_timestamp": 1745054460.202379, "response_timestamp": 1745054465.7332003}
Performing preprocessing operation on: [0.27864473069357953, 0.8728091502321885, 0.5707144157268113, 0.6494509911708316, 0.1197283418281122]
Performing mock I/O-bound operation...
Performing preprocessing operation on: [0.7615038705690494, 0.5797910246992308, 0.8328868037448418, 0.9749870476723171, 0.047910455902432814]
Performing mock I/O-bound operation...
Mock I/O-bound operation completed.
Preprocessing operation completed with final result: 6541.357445250982
Running ONNX model inference on: 6541.357445250982
ONNX model inference completed with output: [array([[6541.3574]], dtype=float32)]
Publishing response to queue 'response_queue': {"message_id": "0df3b571-980d-4b1e-afa3-b7e58c2886ec", "original_input": [0.17310588808862992, 0.1789310054701968, 0.07922850080717514, 0.5116293395718925, 0.3128416254326759], "processed_data": "6541.357445250982", "model_output": [[6541.357421875]], "pick_up_timestamp": 1745054462.8840115, "response_timestamp": 1745054466.1700757}
Performing preprocessing operation on: [0.3230209115235705, 0.7815950837499049, 0.13150706466513573, 0.8909843098067383, 0.6119398095820414]
Performing mock I/O-bound operation...
Performing preprocessing operation on: [0.31500572135139515, 0.8294224108684034, 0.9180244877550173, 0.8307378510908975, 0.06298660760504893]
Performing mock I/O-bound operation...
Performing preprocessing operation on: [0.1497845556722971, 0.5904114063302714, 0.3654217836997121, 0.9313043593097711, 0.9332228517223993]
Performing mock I/O-bound operation...
Performing preprocessing operation on: [0.6018555539583574, 0.44815009721215116, 0.42192070124080516, 0.18638868303414324, 0.05865935177952841]
Performing mock I/O-bound operation...
Performing preprocessing operation on: [0.47494531687606734, 0.7132667274855793, 0.9354821509823193, 0.36562098188366254, 0.9580954082776783]
Performing mock I/O-bound operation...
Performing preprocessing operation on: [0.5029126653984802, 0.6983923129290128, 0.0937554145438858, 0.40310981892268205, 0.5700231524870272]
Performing mock I/O-bound operation...
Performing preprocessing operation on: [0.061106042634921254, 0.4758094177408764, 0.13322855555609803, 0.8227746263921668, 0.12225348784104773]
Performing mock I/O-bound operation...
Performing preprocessing operation on: [0.40159528897117935, 0.625234681028512, 0.7234775837025377, 0.5569790483597249, 0.9194691550761854]
Performing mock I/O-bound operation...
Performing preprocessing operation on: [0.5612906452899302, 0.5082532898673233, 0.24954863926453985, 0.08139484118850016, 0.2543975461879068]
Performing mock I/O-bound operation...
Performing preprocessing operation on: [0.016944374676823304, 0.5000028332114865, 0.7307969567505886, 0.9931403629975525, 0.014265621614290014]
Performing mock I/O-bound operation...
Performing preprocessing operation on: [0.7872214500283101, 0.5907871666634186, 0.5334998600086692, 0.5755667608013881, 0.36099354720789767]
Performing mock I/O-bound operation...
Performing preprocessing operation on: [0.08896142102954352, 0.28347748115776183, 0.3294829092242132, 0.6916286418151394, 0.48817190980153824]
Performing mock I/O-bound operation...
Performing preprocessing operation on: [0.29231441951041737, 0.9712526076278378, 0.7980357188753607, 0.4352505602454698, 0.5601464941358004]
Performing mock I/O-bound operation...
Performing preprocessing operation on: [0.08412559164607358, 0.18008923472589078, 0.7447744361626636, 0.10417511681212965, 0.2774346166237842]
Performing mock I/O-bound operation...
Performing preprocessing operation on: [0.6157202189167378, 0.625159356249391, 0.7006834358291856, 0.9756374869197958, 0.7977198634456956]
Performing mock I/O-bound operation...
Performing preprocessing operation on: [0.43150177095286113, 0.19243889937602598, 0.5184270854104556, 0.8867961626754416, 0.1512566951993769]
Performing mock I/O-bound operation...
Performing preprocessing operation on: [0.8104815026047648, 0.7295279622171041, 0.4122460196000578, 0.05567895531885214, 0.6485467781096262]
Performing mock I/O-bound operation...
Performing preprocessing operation on: [0.3273285234672769, 0.3171673952198043, 0.8639218144446821, 0.657046802400416, 0.874094539383514]
Performing mock I/O-bound operation...
Performing preprocessing operation on: [0.9497336981073817, 0.4184868950947104, 0.29011336225849316, 0.22627062775692552, 0.17704142902840714]
Performing mock I/O-bound operation...
Performing preprocessing operation on: [0.6343770254920406, 0.35550983280949777, 0.8518726744765311, 0.2459388645949273, 0.3398604699782879]
Performing mock I/O-bound operation...
Performing preprocessing operation on: [0.13223052530243573, 0.656209859337775, 0.5094122612456314, 0.8639406510798807, 0.7048086726201195]
Performing mock I/O-bound operation...
Performing preprocessing operation on: [0.3474846451302349, 0.8159148272908571, 0.35774719580619874, 0.5992623201796309, 0.9380144187604987]
Performing mock I/O-bound operation...
Mock I/O-bound operation completed.
Preprocessing operation completed with final result: 14160.029556297319
Running ONNX model inference on: 14160.029556297319
ONNX model inference completed with output: [array([[14160.029]], dtype=float32)]
Publishing response to queue 'response_queue': {"message_id": "db97c66c-2fe9-4fdb-9dd9-bd908b8db787", "original_input": [0.1393289701359266, 0.7318094983079504, 0.5419697651338913, 0.5867665061871967, 0.9011550962620404], "processed_data": "14160.029556297319", "model_output": [[14160.029296875]], "pick_up_timestamp": 1745054465.489201, "response_timestamp": 1745054468.8625653}
Mock I/O-bound operation completed.
Preprocessing operation completed with final result: 12654.14994681796
Running ONNX model inference on: 12654.14994681796
ONNX model inference completed with output: [array([[12654.15]], dtype=float32)]
Publishing response to queue 'response_queue': {"message_id": "f2f1ecc3-55aa-4920-91a8-da6c72aa2028", "original_input": [0.27864473069357953, 0.8728091502321885, 0.5707144157268113, 0.6494509911708316, 0.1197283418281122], "processed_data": "12654.14994681796", "model_output": [[12654.150390625]], "pick_up_timestamp": 1745054465.7357633, "response_timestamp": 1745054469.1713145}
Mock I/O-bound operation completed.
Preprocessing operation completed with final result: 16008.252121898806
Running ONNX model inference on: 16008.252121898806
ONNX model inference completed with output: [array([[16008.252]], dtype=float32)]
Publishing response to queue 'response_queue': {"message_id": "fc2bb081-99a8-49ce-b7e2-3bb11623addc", "original_input": [0.7615038705690494, 0.5797910246992308, 0.8328868037448418, 0.9749870476723171, 0.047910455902432814], "processed_data": "16008.252121898806", "model_output": [[16008.251953125]], "pick_up_timestamp": 1745054465.8529515, "response_timestamp": 1745054469.420644}
Performing preprocessing operation on: [0.8511649936061818, 0.5905687765772245, 0.7005844027931887, 0.771949240992929, 0.9083366798118552]
Performing mock I/O-bound operation...
Mock I/O-bound operation completed.
Preprocessing operation completed with final result: 13787.134811705366
Running ONNX model inference on: 13787.134811705366
ONNX model inference completed with output: [array([[13787.135]], dtype=float32)]
Publishing response to queue 'response_queue': {"message_id": "0022c44a-4653-426d-aef5-1cbc35f4dcad", "original_input": [0.3230209115235705, 0.7815950837499049, 0.13150706466513573, 0.8909843098067383, 0.6119398095820414], "processed_data": "13787.134811705366", "model_output": [[13787.134765625]], "pick_up_timestamp": 1745054466.1730418, "response_timestamp": 1745054469.6759655}
Mock I/O-bound operation completed.
Preprocessing operation completed with final result: 15244.775466453562
Running ONNX model inference on: 15244.775466453562
ONNX model inference completed with output: [array([[15244.775]], dtype=float32)]
Publishing response to queue 'response_queue': {"message_id": "ba456748-f6f2-4f74-8371-61faf38bebd9", "original_input": [0.31500572135139515, 0.8294224108684034, 0.9180244877550173, 0.8307378510908975, 0.06298660760504893], "processed_data": "15244.775466453562", "model_output": [[15244.775390625]], "pick_up_timestamp": 1745054466.2825065, "response_timestamp": 1745054469.903415}
Mock I/O-bound operation completed.
Preprocessing operation completed with final result: 14975.936773639203
Running ONNX model inference on: 14975.936773639203
ONNX model inference completed with output: [array([[14975.937]], dtype=float32)]
Publishing response to queue 'response_queue': {"message_id": "0a6ac9fd-842d-4739-ae20-bc2f19bc8241", "original_input": [0.1497845556722971, 0.5904114063302714, 0.3654217836997121, 0.9313043593097711, 0.9332228517223993], "processed_data": "14975.936773639203", "model_output": [[14975.9365234375]], "pick_up_timestamp": 1745054466.3990219, "response_timestamp": 1745054470.1034815}
Performing preprocessing operation on: [0.6998346521270266, 0.802939530067831, 0.17300853964531504, 0.4188446751938676, 0.8039251591837661]
Performing mock I/O-bound operation...
Mock I/O-bound operation completed.
Preprocessing operation completed with final result: 8827.612113778361
Running ONNX model inference on: 8827.612113778361
ONNX model inference completed with output: [array([[8827.612]], dtype=float32)]
Publishing response to queue 'response_queue': {"message_id": "1924b782-98ba-4fd0-9257-1b051a910b36", "original_input": [0.6018555539583574, 0.44815009721215116, 0.42192070124080516, 0.18638868303414324, 0.05865935177952841], "processed_data": "8827.612113778361", "model_output": [[8827.6123046875]], "pick_up_timestamp": 1745054466.5176053, "response_timestamp": 1745054470.3347783}
Mock I/O-bound operation completed.
Preprocessing operation completed with final result: 16312.801252754569
Running ONNX model inference on: 16312.801252754569
ONNX model inference completed with output: [array([[16312.801]], dtype=float32)]
Publishing response to queue 'response_queue': {"message_id": "8e6677b6-da4b-47b0-9601-d415b99409b1", "original_input": [0.47494531687606734, 0.7132667274855793, 0.9354821509823193, 0.36562098188366254, 0.9580954082776783], "processed_data": "16312.801252754569", "model_output": [[16312.80078125]], "pick_up_timestamp": 1745054466.6234267, "response_timestamp": 1745054470.6527567}
Mock I/O-bound operation completed.
Preprocessing operation completed with final result: 11121.542024438824
Running ONNX model inference on: 11121.542024438824
ONNX model inference completed with output: [array([[11121.542]], dtype=float32)]
Publishing response to queue 'response_queue': {"message_id": "d0c0d09c-8240-45d5-982e-55c093ddb32b", "original_input": [0.5029126653984802, 0.6983923129290128, 0.0937554145438858, 0.40310981892268205, 0.5700231524870272], "processed_data": "11121.542024438824", "model_output": [[11121.5419921875]], "pick_up_timestamp": 1745054466.7291634, "response_timestamp": 1745054470.9310596}
Mock I/O-bound operation completed.
Preprocessing operation completed with final result: 9694.237461491326
Running ONNX model inference on: 9694.237461491326
ONNX model inference completed with output: [array([[9694.237]], dtype=float32)]
Publishing response to queue 'response_queue': {"message_id": "c25d3ee5-3c39-49ce-8ca5-0decb6e4110c", "original_input": [0.061106042634921254, 0.4758094177408764, 0.13322855555609803, 0.8227746263921668, 0.12225348784104773], "processed_data": "9694.237461491326", "model_output": [[9694.2373046875]], "pick_up_timestamp": 1745054466.843499, "response_timestamp": 1745054471.1121902}
Mock I/O-bound operation completed.
Preprocessing operation completed with final result: 14937.423419215798
Running ONNX model inference on: 14937.423419215798
ONNX model inference completed with output: [array([[14937.424]], dtype=float32)]
Publishing response to queue 'response_queue': {"message_id": "ec585c58-cf50-46e0-8dc1-dd398a50d952", "original_input": [0.40159528897117935, 0.625234681028512, 0.7234775837025377, 0.5569790483597249, 0.9194691550761854], "processed_data": "14937.423419215798", "model_output": [[14937.423828125]], "pick_up_timestamp": 1745054466.9514027, "response_timestamp": 1745054471.388591}
Mock I/O-bound operation completed.
Preprocessing operation completed with final result: 8408.24803506259
Running ONNX model inference on: 8408.24803506259
ONNX model inference completed with output: [array([[8408.248]], dtype=float32)]
Publishing response to queue 'response_queue': {"message_id": "e7018c20-2a44-4573-9d4f-ccb882f2df30", "original_input": [0.5612906452899302, 0.5082532898673233, 0.24954863926453985, 0.08139484118850016, 0.2543975461879068], "processed_data": "8408.24803506259", "model_output": [[8408.248046875]], "pick_up_timestamp": 1745054467.0613577, "response_timestamp": 1745054471.6623366}
Performing preprocessing operation on: [0.40853530828826634, 0.8891910915519481, 0.26514238842606597, 0.3746798812858406, 0.415616842940868]
Performing mock I/O-bound operation...
Mock I/O-bound operation completed.
Preprocessing operation completed with final result: 13307.461912879147
Running ONNX model inference on: 13307.461912879147
ONNX model inference completed with output: [array([[13307.462]], dtype=float32)]
Publishing response to queue 'response_queue': {"message_id": "a06691e0-20e1-4d97-9b9c-5f899375ba0a", "original_input": [0.016944374676823304, 0.5000028332114865, 0.7307969567505886, 0.9931403629975525, 0.014265621614290014], "processed_data": "13307.461912879147", "model_output": [[13307.4619140625]], "pick_up_timestamp": 1745054467.1652193, "response_timestamp": 1745054471.913963}
Mock I/O-bound operation completed.
Preprocessing operation completed with final result: 13095.658156688696
Running ONNX model inference on: 13095.658156688696
ONNX model inference completed with output: [array([[13095.658]], dtype=float32)]
Publishing response to queue 'response_queue': {"message_id": "ac8e18c8-c3ae-42b2-b4ee-6abd20c70222", "original_input": [0.7872214500283101, 0.5907871666634186, 0.5334998600086692, 0.5755667608013881, 0.36099354720789767], "processed_data": "13095.658156688696", "model_output": [[13095.658203125]], "pick_up_timestamp": 1745054467.27033, "response_timestamp": 1745054472.1659958}
Mock I/O-bound operation completed.
Preprocessing operation completed with final result: 9557.69112244556
Running ONNX model inference on: 9557.69112244556
ONNX model inference completed with output: [array([[9557.691]], dtype=float32)]
Publishing response to queue 'response_queue': {"message_id": "5c1237d8-8c14-47a2-8a75-1e2d2752943f", "original_input": [0.08896142102954352, 0.28347748115776183, 0.3294829092242132, 0.6916286418151394, 0.48817190980153824], "processed_data": "9557.69112244556", "model_output": [[9557.69140625]], "pick_up_timestamp": 1745054467.3738852, "response_timestamp": 1745054472.434127}
Mock I/O-bound operation completed.
Preprocessing operation completed with final result: 14727.007507837012
Running ONNX model inference on: 14727.007507837012
ONNX model inference completed with output: [array([[14727.008]], dtype=float32)]
Publishing response to queue 'response_queue': {"message_id": "35e411cd-f4a1-44b8-9ba8-c5181786a839", "original_input": [0.29231441951041737, 0.9712526076278378, 0.7980357188753607, 0.4352505602454698, 0.5601464941358004], "processed_data": "14727.007507837012", "model_output": [[14727.0078125]], "pick_up_timestamp": 1745054467.4884593, "response_timestamp": 1745054472.6917093}
Mock I/O-bound operation completed.
Preprocessing operation completed with final result: 8258.454031237072
Running ONNX model inference on: 8258.454031237072
ONNX model inference completed with output: [array([[8258.454]], dtype=float32)]
Publishing response to queue 'response_queue': {"message_id": "b289eda5-08e4-46ae-87d4-52d565c4ec34", "original_input": [0.08412559164607358, 0.18008923472589078, 0.7447744361626636, 0.10417511681212965, 0.2774346166237842], "processed_data": "8258.454031237072", "model_output": [[8258.4541015625]], "pick_up_timestamp": 1745054467.5946426, "response_timestamp": 1745054472.968645}
Mock I/O-bound operation completed.
Preprocessing operation completed with final result: 16879.331658457133
Running ONNX model inference on: 16879.331658457133
ONNX model inference completed with output: [array([[16879.332]], dtype=float32)]
Publishing response to queue 'response_queue': {"message_id": "82361f4c-dd64-4861-ad86-d598cb4b80fb", "original_input": [0.6157202189167378, 0.625159356249391, 0.7006834358291856, 0.9756374869197958, 0.7977198634456956], "processed_data": "16879.331658457133", "model_output": [[16879.33203125]], "pick_up_timestamp": 1745054467.6996078, "response_timestamp": 1745054473.2195468}
Mock I/O-bound operation completed.
Preprocessing operation completed with final result: 11407.362417282859
Running ONNX model inference on: 11407.362417282859
ONNX model inference completed with output: [array([[11407.362]], dtype=float32)]
Publishing response to queue 'response_queue': {"message_id": "bd26c126-b506-4fe6-a950-31470afff666", "original_input": [0.43150177095286113, 0.19243889937602598, 0.5184270854104556, 0.8867961626754416, 0.1512566951993769], "processed_data": "11407.362417282859", "model_output": [[11407.3623046875]], "pick_up_timestamp": 1745054467.802634, "response_timestamp": 1745054473.4825892}
Mock I/O-bound operation completed.
Preprocessing operation completed with final result: 13351.970505744655
Running ONNX model inference on: 13351.970505744655
ONNX model inference completed with output: [array([[13351.971]], dtype=float32)]
Publishing response to queue 'response_queue': {"message_id": "5295b414-777d-4114-8ea3-9b65a67e5353", "original_input": [0.8104815026047648, 0.7295279622171041, 0.4122460196000578, 0.05567895531885214, 0.6485467781096262], "processed_data": "13351.970505744655", "model_output": [[13351.970703125]], "pick_up_timestamp": 1745054467.9183033, "response_timestamp": 1745054473.7333634}
Mock I/O-bound operation completed.
Preprocessing operation completed with final result: 14662.372879824781
Running ONNX model inference on: 14662.372879824781
ONNX model inference completed with output: [array([[14662.373]], dtype=float32)]
Publishing response to queue 'response_queue': {"message_id": "667f4ddd-e1c0-4b0a-bf94-9c8fa0c9d292", "original_input": [0.3273285234672769, 0.3171673952198043, 0.8639218144446821, 0.657046802400416, 0.874094539383514], "processed_data": "14662.372879824781", "model_output": [[14662.373046875]], "pick_up_timestamp": 1745054468.0350552, "response_timestamp": 1745054473.9874449}
Mock I/O-bound operation completed.
Preprocessing operation completed with final result: 11152.727048664137
Running ONNX model inference on: 11152.727048664137
ONNX model inference completed with output: [array([[11152.727]], dtype=float32)]
Publishing response to queue 'response_queue': {"message_id": "ee81a4e2-c4d8-4587-893d-7f6e8f57ddd8", "original_input": [0.9497336981073817, 0.4184868950947104, 0.29011336225849316, 0.22627062775692552, 0.17704142902840714], "processed_data": "11152.727048664137", "model_output": [[11152.7265625]], "pick_up_timestamp": 1745054468.139812, "response_timestamp": 1745054474.326828}
Mock I/O-bound operation completed.
Preprocessing operation completed with final result: 11960.34936527497
Running ONNX model inference on: 11960.34936527497
ONNX model inference completed with output: [array([[11960.35]], dtype=float32)]
Publishing response to queue 'response_queue': {"message_id": "8375f9a2-a8e2-4d59-b735-6ea1e17ed949", "original_input": [0.6343770254920406, 0.35550983280949777, 0.8518726744765311, 0.2459388645949273, 0.3398604699782879], "processed_data": "11960.34936527497", "model_output": [[11960.349609375]], "pick_up_timestamp": 1745054468.255459, "response_timestamp": 1745054474.602564}
Mock I/O-bound operation completed.
Preprocessing operation completed with final result: 13966.910384248196
Running ONNX model inference on: 13966.910384248196
ONNX model inference completed with output: [array([[13966.91]], dtype=float32)]
Publishing response to queue 'response_queue': {"message_id": "950918e9-ccca-4297-894c-434d21ac7500", "original_input": [0.13223052530243573, 0.656209859337775, 0.5094122612456314, 0.8639406510798807, 0.7048086726201195], "processed_data": "13966.910384248196", "model_output": [[13966.91015625]], "pick_up_timestamp": 1745054468.3659725, "response_timestamp": 1745054474.8620956}
Mock I/O-bound operation completed.
Preprocessing operation completed with final result: 14674.576717191061
Running ONNX model inference on: 14674.576717191061
ONNX model inference completed with output: [array([[14674.577]], dtype=float32)]
Publishing response to queue 'response_queue': {"message_id": "f52fdd13-f6be-4fce-82b7-72686c7c8c4c", "original_input": [0.3474846451302349, 0.8159148272908571, 0.35774719580619874, 0.5992623201796309, 0.9380144187604987], "processed_data": "14674.576717191061", "model_output": [[14674.5771484375]], "pick_up_timestamp": 1745054468.4739158, "response_timestamp": 1745054475.114885}
Performing preprocessing operation on: [0.399533497223608, 0.9669218427087352, 0.18865583574396327, 0.02261046978659975, 0.8768836096350718]
Performing mock I/O-bound operation...
Mock I/O-bound operation completed.
Preprocessing operation completed with final result: 17277.305884306574
Running ONNX model inference on: 17277.305884306574
ONNX model inference completed with output: [array([[17277.307]], dtype=float32)]
Publishing response to queue 'response_queue': {"message_id": "4bfb1982-0908-4767-be37-05f3e817908b", "original_input": [0.8511649936061818, 0.5905687765772245, 0.7005844027931887, 0.771949240992929, 0.9083366798118552], "processed_data": "17277.305884306574", "model_output": [[17277.306640625]], "pick_up_timestamp": 1745054469.4215972, "response_timestamp": 1745054475.3678837}
Mock I/O-bound operation completed.
Preprocessing operation completed with final result: 14093.044055699185
Running ONNX model inference on: 14093.044055699185
ONNX model inference completed with output: [array([[14093.044]], dtype=float32)]
Publishing response to queue 'response_queue': {"message_id": "d8f6ca12-bcc4-4bfd-9db0-4deceeea3235", "original_input": [0.6998346521270266, 0.802939530067831, 0.17300853964531504, 0.4188446751938676, 0.8039251591837661], "processed_data": "14093.044055699185", "model_output": [[14093.0439453125]], "pick_up_timestamp": 1745054470.1048944, "response_timestamp": 1745054475.6447437}
Mock I/O-bound operation completed.
Preprocessing operation completed with final result: 11580.089615927387
Running ONNX model inference on: 11580.089615927387
ONNX model inference completed with output: [array([[11580.09]], dtype=float32)]
Publishing response to queue 'response_queue': {"message_id": "dc0b90f8-d353-4c3d-a7dd-08943699c3bd", "original_input": [0.40853530828826634, 0.8891910915519481, 0.26514238842606597, 0.3746798812858406, 0.415616842940868], "processed_data": "11580.089615927387", "model_output": [[11580.08984375]], "pick_up_timestamp": 1745054471.6636758, "response_timestamp": 1745054475.8921769}
Performing preprocessing operation on: [0.20855196689679978, 0.46858412934801985, 0.5570578807872252, 0.3749692844086058, 0.6490744549364502]
Performing mock I/O-bound operation...
Performing preprocessing operation on: [0.1433334029348048, 0.8352669677483164, 0.760673905273879, 0.7737333699293779, 0.7265927170878066]
Performing mock I/O-bound operation...
Performing preprocessing operation on: [0.7485786605323806, 0.5199022215717974, 0.18642159945326375, 0.34976852711374606, 0.07201977018995298]
Performing mock I/O-bound operation...
Performing preprocessing operation on: [0.7112204062593692, 0.17259298451099248, 0.05540098272498484, 0.5241905963554999, 0.2908376863255644]
Performing mock I/O-bound operation...
Performing preprocessing operation on: [0.9127076194615362, 0.5219512087526812, 0.9062175384744375, 0.24809038160736152, 0.7930309266373676]
Performing mock I/O-bound operation...
Performing preprocessing operation on: [0.7602097333355029, 0.18218978028418853, 0.8557031236970869, 0.6806743939781066, 0.8454249905669136]
Performing mock I/O-bound operation...
Performing preprocessing operation on: [0.9084149113100153, 0.20841179928006515, 0.5729337078630823, 0.42463606355425554, 0.8730807255407504]
Performing mock I/O-bound operation...
Performing preprocessing operation on: [0.8837938606410414, 0.5835055332352723, 0.5489032379686818, 0.8413763264406029, 0.5000299346368562]
Performing mock I/O-bound operation...
Performing preprocessing operation on: [0.5259018522962426, 0.6904812498506672, 0.8703484467646558, 0.8498535001643898, 0.37208252772071293]
Performing mock I/O-bound operation...
Performing preprocessing operation on: [0.26144645466691907, 0.09362544782621707, 0.4571196983016116, 0.24509273836568013, 0.5987619536490684]
Performing mock I/O-bound operation...
Performing preprocessing operation on: [0.4198799153192363, 0.3074068605431375, 0.6755939276599432, 0.48111361415310794, 0.5520631879542358]
Performing mock I/O-bound operation...
Mock I/O-bound operation completed.
Preprocessing operation completed with final result: 13782.568657019656
Running ONNX model inference on: 13782.568657019656
ONNX model inference completed with output: [array([[13782.568]], dtype=float32)]
Publishing response to queue 'response_queue': {"message_id": "cb020878-9309-4248-b683-6b3c501faa32", "original_input": [0.399533497223608, 0.9669218427087352, 0.18865583574396327, 0.02261046978659975, 0.8768836096350718], "processed_data": "13782.568657019656", "model_output": [[13782.568359375]], "pick_up_timestamp": 1745054475.116, "response_timestamp": 1745054478.5126517}
Mock I/O-bound operation completed.
Preprocessing operation completed with final result: 10654.943003230157
Running ONNX model inference on: 10654.943003230157
ONNX model inference completed with output: [array([[10654.943]], dtype=float32)]
Publishing response to queue 'response_queue': {"message_id": "5fec569e-d75f-4915-ba9b-cea081fab5a5", "original_input": [0.20855196689679978, 0.46858412934801985, 0.5570578807872252, 0.3749692844086058, 0.6490744549364502], "processed_data": "10654.943003230157", "model_output": [[10654.943359375]], "pick_up_timestamp": 1745054475.8934684, "response_timestamp": 1745054479.3456192}
Mock I/O-bound operation completed.
Preprocessing operation completed with final result: 15567.403335978162
Running ONNX model inference on: 15567.403335978162
ONNX model inference completed with output: [array([[15567.403]], dtype=float32)]
Publishing response to queue 'response_queue': {"message_id": "7da12396-b7f1-4e2c-aa87-49c6d4e5d67d", "original_input": [0.1433334029348048, 0.8352669677483164, 0.760673905273879, 0.7737333699293779, 0.7265927170878066], "processed_data": "15567.403335978162", "model_output": [[15567.4033203125]], "pick_up_timestamp": 1745054475.8953087, "response_timestamp": 1745054479.7135646}
Mock I/O-bound operation completed.
Preprocessing operation completed with final result: 9964.668652790442
Running ONNX model inference on: 9964.668652790442
ONNX model inference completed with output: [array([[9964.669]], dtype=float32)]
Publishing response to queue 'response_queue': {"message_id": "2fbe35ca-6233-44fe-bb3b-0811eaa8dbd5", "original_input": [0.7485786605323806, 0.5199022215717974, 0.18642159945326375, 0.34976852711374606, 0.07201977018995298], "processed_data": "9964.668652790442", "model_output": [[9964.6689453125]], "pick_up_timestamp": 1745054476.0007477, "response_timestamp": 1745054480.0109448}
Mock I/O-bound operation completed.
Preprocessing operation completed with final result: 9476.573297148321
Running ONNX model inference on: 9476.573297148321
ONNX model inference completed with output: [array([[9476.573]], dtype=float32)]
Publishing response to queue 'response_queue': {"message_id": "5c2c89b7-59ad-40b6-86fd-96cfbf504101", "original_input": [0.7112204062593692, 0.17259298451099248, 0.05540098272498484, 0.5241905963554999, 0.2908376863255644], "processed_data": "9476.573297148321", "model_output": [[9476.5732421875]], "pick_up_timestamp": 1745054476.1059399, "response_timestamp": 1745054480.2601006}
Mock I/O-bound operation completed.
Preprocessing operation completed with final result: 16177.59369633773
Running ONNX model inference on: 16177.59369633773
ONNX model inference completed with output: [array([[16177.594]], dtype=float32)]
Publishing response to queue 'response_queue': {"message_id": "d203fca6-95b4-471b-a4cd-06a77311a987", "original_input": [0.9127076194615362, 0.5219512087526812, 0.9062175384744375, 0.24809038160736152, 0.7930309266373676], "processed_data": "16177.59369633773", "model_output": [[16177.59375]], "pick_up_timestamp": 1745054476.220981, "response_timestamp": 1745054480.5068028}
Mock I/O-bound operation completed.
Preprocessing operation completed with final result: 15878.91947169607
Running ONNX model inference on: 15878.91947169607
ONNX model inference completed with output: [array([[15878.92]], dtype=float32)]
Publishing response to queue 'response_queue': {"message_id": "538577f8-b3e7-4aac-9559-d25ceff33349", "original_input": [0.7602097333355029, 0.18218978028418853, 0.8557031236970869, 0.6806743939781066, 0.8454249905669136], "processed_data": "15878.91947169607", "model_output": [[15878.919921875]], "pick_up_timestamp": 1745054476.330063, "response_timestamp": 1745054480.7671814}
Mock I/O-bound operation completed.
Preprocessing operation completed with final result: 14627.002093938696
Running ONNX model inference on: 14627.002093938696
ONNX model inference completed with output: [array([[14627.002]], dtype=float32)]
Publishing response to queue 'response_queue': {"message_id": "54fba6bc-cd23-4a87-9407-c488ecb747fb", "original_input": [0.9084149113100153, 0.20841179928006515, 0.5729337078630823, 0.42463606355425554, 0.8730807255407504], "processed_data": "14627.002093938696", "model_output": [[14627.001953125]], "pick_up_timestamp": 1745054476.4419887, "response_timestamp": 1745054481.027596}
Mock I/O-bound operation completed.
Preprocessing operation completed with final result: 15429.870765183332
Running ONNX model inference on: 15429.870765183332
ONNX model inference completed with output: [array([[15429.871]], dtype=float32)]
Publishing response to queue 'response_queue': {"message_id": "974871af-084b-43ae-8fdb-95c3ab4b86b4", "original_input": [0.8837938606410414, 0.5835055332352723, 0.5489032379686818, 0.8413763264406029, 0.5000299346368562], "processed_data": "15429.870765183332", "model_output": [[15429.87109375]], "pick_up_timestamp": 1745054476.558122, "response_timestamp": 1745054481.292196}
Mock I/O-bound operation completed.
Preprocessing operation completed with final result: 15399.804909803277
Running ONNX model inference on: 15399.804909803277
ONNX model inference completed with output: [array([[15399.805]], dtype=float32)]
Publishing response to queue 'response_queue': {"message_id": "80e0b424-599b-4740-9e33-bca35a384696", "original_input": [0.5259018522962426, 0.6904812498506672, 0.8703484467646558, 0.8498535001643898, 0.37208252772071293], "processed_data": "15399.804909803277", "model_output": [[15399.8046875]], "pick_up_timestamp": 1745054476.6667762, "response_timestamp": 1745054481.6125174}
Mock I/O-bound operation completed.
Preprocessing operation completed with final result: 8394.431006650831
Running ONNX model inference on: 8394.431006650831
ONNX model inference completed with output: [array([[8394.431]], dtype=float32)]
Publishing response to queue 'response_queue': {"message_id": "cc9127a5-56b5-4ec5-9ea6-f989bc6e68ad", "original_input": [0.26144645466691907, 0.09362544782621707, 0.4571196983016116, 0.24509273836568013, 0.5987619536490684], "processed_data": "8394.431006650831", "model_output": [[8394.4306640625]], "pick_up_timestamp": 1745054476.7816384, "response_timestamp": 1745054481.8671415}
Mock I/O-bound operation completed.
Preprocessing operation completed with final result: 11240.415248160261
Running ONNX model inference on: 11240.415248160261
ONNX model inference completed with output: [array([[11240.415]], dtype=float32)]
Publishing response to queue 'response_queue': {"message_id": "90a1e65e-0046-4bc3-a420-4f448f598f20", "original_input": [0.4198799153192363, 0.3074068605431375, 0.6755939276599432, 0.48111361415310794, 0.5520631879542358], "processed_data": "11240.415248160261", "model_output": [[11240.4150390625]], "pick_up_timestamp": 1745054476.8890264, "response_timestamp": 1745054482.1351206}
Terminating application...
(.venv) PS D:\workspace\blue-optima-work-sample\app> 